Added Component: Designator=LD3(LED 3MM AZUL)
Add component. Clean all parameters for all variants
Add component (AddParameter): Name = "COD. ELEMON"; Value = "OP1452620"; VariantName = "[No Variations]"
Added Component: Designator=LD4(LED 3MM AZUL)
Add component. Clean all parameters for all variants
Add component (AddParameter): Name = "COD. ELEMON"; Value = "OP1452620"; VariantName = "[No Variations]"
Added Component: Designator=Q1(NPN.SMD.SOT23)
Add component. Clean all parameters for all variants
Add component (AddParameter): Name = "COD. ELEMON"; Value = "TR1723020"; VariantName = "[No Variations]"
Add component (AddParameter): Name = "COD. FV"; Value = "CE.TRA.0002"; VariantName = "[No Variations]"
Added Component: Designator=Q2(NPN.SMD.SOT23)
Add component. Clean all parameters for all variants
Add component (AddParameter): Name = "COD. ELEMON"; Value = "TR1723020"; VariantName = "[No Variations]"
Add component (AddParameter): Name = "COD. FV"; Value = "CE.TRA.0002"; VariantName = "[No Variations]"
Added Component: Designator=R3(RES.SMD.102)
Add component. Clean all parameters for all variants
Add component (AddParameter): Name = "COD. ELEMON"; Value = "RS3896185"; VariantName = "[No Variations]"
Add component (AddParameter): Name = "COD. FV"; Value = "CE.RES.0012"; VariantName = "[No Variations]"
Added Component: Designator=R4(RES.SMD.102)
Add component. Clean all parameters for all variants
Add component (AddParameter): Name = "COD. ELEMON"; Value = "RS3896185"; VariantName = "[No Variations]"
Add component (AddParameter): Name = "COD. FV"; Value = "CE.RES.0012"; VariantName = "[No Variations]"
Added Component: Designator=R5(RES.SMD.101)
Add component. Clean all parameters for all variants
Add component (AddParameter): Name = "COD. ELEMON"; Value = "RS3896125"; VariantName = "[No Variations]"
Add component (AddParameter): Name = "COD. FV"; Value = "CE.RES.0011"; VariantName = "[No Variations]"
Added Component: Designator=R6(RES.SMD.101)
Add component. Clean all parameters for all variants
Add component (AddParameter): Name = "COD. ELEMON"; Value = "RS3896125"; VariantName = "[No Variations]"
Add component (AddParameter): Name = "COD. FV"; Value = "CE.RES.0011"; VariantName = "[No Variations]"
Added Pin To Net: NetName=GND Pin=Q1-2
Added Pin To Net: NetName=GND Pin=Q2-2
Added Pin To Net: NetName=5V Pin=R5-2
Added Pin To Net: NetName=5V Pin=R6-2
Added Pin To Net: NetName=CRTL2 Pin=U2-3
Added Net: Name=CRTL2
Added Pin To Net: NetName=CTRL1 Pin=R3-2
Added Pin To Net: NetName=CTRL1 Pin=U1-27
Added Net: Name=CTRL1
Added Pin To Net: NetName=CTRL2 Pin=R4-2
Added Net: Name=CTRL2
Added Pin To Net: NetName=NetLD3_A Pin=LD3-A
Added Pin To Net: NetName=NetLD3_A Pin=R5-1
Added Net: Name=NetLD3_A
Added Pin To Net: NetName=NetLD3_K Pin=LD3-K
Added Pin To Net: NetName=NetLD3_K Pin=Q1-3
Added Net: Name=NetLD3_K
Added Pin To Net: NetName=NetLD4_A Pin=LD4-A
Added Pin To Net: NetName=NetLD4_A Pin=R6-1
Added Net: Name=NetLD4_A
Added Pin To Net: NetName=NetLD4_K Pin=LD4-K
Added Pin To Net: NetName=NetLD4_K Pin=Q2-3
Added Net: Name=NetLD4_K
Added Pin To Net: NetName=NetQ1_1 Pin=Q1-1
Added Pin To Net: NetName=NetQ1_1 Pin=R3-1
Added Net: Name=NetQ1_1
Added Pin To Net: NetName=NetQ2_1 Pin=Q2-1
Added Pin To Net: NetName=NetQ2_1 Pin=R4-1
Added Net: Name=NetQ2_1
Added Member To Class: ClassName=MAIN-BOARD Member=Component LD3 LED 3MM AZUL
Added Member To Class: ClassName=MAIN-BOARD Member=Component LD4 LED 3MM AZUL
Added Member To Class: ClassName=MAIN-BOARD Member=Component Q1 BC817
Added Member To Class: ClassName=MAIN-BOARD Member=Component Q2 BC817
Added Member To Class: ClassName=MAIN-BOARD Member=Component R3 1K
Added Member To Class: ClassName=MAIN-BOARD Member=Component R4 1K
Added Member To Class: ClassName=MAIN-BOARD Member=Component R5 100E
Added Member To Class: ClassName=MAIN-BOARD Member=Component R6 100E
