Removed Pin From Net: NetName=STA6 Pin=PROG-4
Removed Pin From Net: NetName=ACT5 Pin=PROG-5
Removed Pin From Net: NetName=STA10 Pin=U1-3
Removed Pin From Net: NetName=VIN10 Pin=U1-4
Removed Pin From Net: NetName=ACT10 Pin=U1-5
Removed Pin From Net: NetName=ACT3 Pin=U1-8
Removed Pin From Net: NetName=STA4 Pin=U1-9
Removed Pin From Net: NetName=VIN4 Pin=U1-10
Removed Pin From Net: NetName=ACT4 Pin=U1-11
Removed Pin From Net: NetName=STA5 Pin=U1-14
Removed Pin From Net: NetName=VIN5 Pin=U1-15
Removed Pin From Net: NetName=ACT5 Pin=U1-16
Removed Pin From Net: NetName=STA6 Pin=U1-17
Removed Pin From Net: NetName=STA1 Pin=U1-19
Removed Pin From Net: NetName=VIN1 Pin=U1-20
Removed Pin From Net: NetName=ACT1 Pin=U1-21
Removed Pin From Net: NetName=STA2 Pin=U1-22
Removed Pin From Net: NetName=VIN2 Pin=U1-23
Removed Pin From Net: NetName=ACT2 Pin=U1-24
Removed Pin From Net: NetName=VIN3 Pin=U1-30
Removed Pin From Net: NetName=STA3 Pin=U1-31
Removed Pin From Net: NetName=VIN6 Pin=U1-32
Removed Pin From Net: NetName=ACT6 Pin=U1-35
Removed Pin From Net: NetName=STA7 Pin=U1-36
Removed Pin From Net: NetName=VIN7 Pin=U1-37
Removed Pin From Net: NetName=VIN8 Pin=U1-38
Removed Pin From Net: NetName=ACT8 Pin=U1-39
Removed Pin From Net: NetName=STA9 Pin=U1-40
Removed Pin From Net: NetName=VIN9 Pin=U1-41
Removed Pin From Net: NetName=ACT7 Pin=U1-42
Removed Pin From Net: NetName=STA8 Pin=U1-43
Added Pin To Net: NetName=VIN10 Pin=U1-3
Added Pin To Net: NetName=NetPROG_4 Pin=PROG-4
Added Pin To Net: NetName=NetPROG_4 Pin=U1-17
Added Net: Name=NetPROG_4
Added Pin To Net: NetName=NetPROG_5 Pin=PROG-5
Added Pin To Net: NetName=NetPROG_5 Pin=U1-16
Added Net: Name=NetPROG_5
