Added Component: Designator=U1(44TQFP - PIC16F18875)
Add component. Clean all parameters for all variants
Add component (AddParameter): Name = "COD. ELEMON"; Value = "MI2986749"; VariantName = "[No Variations]"
Add component (AddParameter): Name = "COD. FV"; Value = "CE.MIC.0002"; VariantName = "[No Variations]"
Added Pin To Net: NetName=DT_IN Pin=U1-1
Added Pin To Net: NetName=LedJabon Pin=U1-2
Added Pin To Net: NetName=LedCascada Pin=U1-3
Added Pin To Net: NetName=LedCaudalA Pin=U1-4
Added Pin To Net: NetName=LedtempA Pin=U1-5
Added Pin To Net: NetName=GND Pin=U1-6
Added Pin To Net: NetName=5V Pin=U1-7
Added Pin To Net: NetName=LedCaudal- Pin=U1-8
Added Pin To Net: NetName=LedTemp- Pin=U1-9
Added Pin To Net: NetName=LedCaudalB Pin=U1-10
Added Pin To Net: NetName=LedTempB Pin=U1-11
Added Pin To Net: NetName=GND Pin=U1-12
Added Pin To Net: NetName=GND Pin=U1-13
Added Pin To Net: NetName=LedCaudalIcon Pin=U1-14
Added Pin To Net: NetName=LedCaudalC Pin=U1-15
Added Pin To Net: NetName=NetPROG_1 Pin=U1-16
Added Pin To Net: NetName=NetPROG_2 Pin=U1-17
Added Pin To Net: NetName=VPP Pin=U1-18
Added Pin To Net: NetName=LedTempIcon Pin=U1-19
Added Pin To Net: NetName=LedTempC Pin=U1-20
Added Pin To Net: NetName=LedtempD Pin=U1-21
Added Pin To Net: NetName=LedcaudalD Pin=U1-22
Added Pin To Net: NetName=Ledtemp+ Pin=U1-23
Added Pin To Net: NetName=Ledcaudal+ Pin=U1-24
Added Pin To Net: NetName=LedcaudalE Pin=U1-25
Added Pin To Net: NetName=LedTempE Pin=U1-26
Added Pin To Net: NetName=RGB_G Pin=U1-27
Added Pin To Net: NetName=5V Pin=U1-28
Added Pin To Net: NetName=GND Pin=U1-29
Added Pin To Net: NetName=Backlight_A Pin=U1-30
Added Pin To Net: NetName=Backlight_B Pin=U1-31
Added Pin To Net: NetName=RGB_RB Pin=U1-32
Added Pin To Net: NetName=GND Pin=U1-33
Added Pin To Net: NetName=GND Pin=U1-34
Added Pin To Net: NetName=LuzPower Pin=U1-36
Added Pin To Net: NetName=FLAG Pin=U1-37
Added Pin To Net: NetName=DATA0 Pin=U1-38
Added Pin To Net: NetName=DATA1 Pin=U1-39
Added Pin To Net: NetName=DATA2 Pin=U1-40
Added Pin To Net: NetName=GND Pin=U1-41
Added Pin To Net: NetName=GND Pin=U1-42
Added Pin To Net: NetName=DT_CRTL Pin=U1-43
Added Pin To Net: NetName=DT_OUT Pin=U1-44
Added Member To Class: ClassName=MAIN-BOARD Member=Component U1 PIC16F18875-I/PT 44 TQFP 14KB Flash, 1KB RAM, 256B EE, 10b ADC2
